

================================================================
== Vitis HLS Report for 'fir'
================================================================
* Date:           Tue Oct  5 16:14:39 2021

* Version:        2021.1 (Build 3247384 on Thu Jun 10 19:36:33 MDT 2021)
* Project:        optimized1
* Solution:       solution_bitwidth (Vivado IP Flow Target)
* Product family: zynq
* Target device:  xc7z020-clg400-1


================================================================
== Performance Estimates
================================================================
+ Timing: 
    * Summary: 
    +--------+----------+----------+------------+
    |  Clock |  Target  | Estimated| Uncertainty|
    +--------+----------+----------+------------+
    |ap_clk  |  10.00 ns|  6.508 ns|     2.70 ns|
    +--------+----------+----------+------------+

+ Latency: 
    * Summary: 
    +---------+---------+----------+----------+-----+-----+---------+
    |  Latency (cycles) |  Latency (absolute) |  Interval | Pipeline|
    |   min   |   max   |    min   |    max   | min | max |   Type  |
    +---------+---------+----------+----------+-----+-----+---------+
    |      769|      769|  7.690 us|  7.690 us|  770|  770|       no|
    +---------+---------+----------+----------+-----+-----+---------+

    + Detail: 
        * Instance: 
        N/A

        * Loop: 
        +--------------------+---------+---------+----------+-----------+-----------+------+----------+
        |                    |  Latency (cycles) | Iteration|  Initiation Interval  | Trip |          |
        |      Loop Name     |   min   |   max   |  Latency |  achieved |   target  | Count| Pipelined|
        +--------------------+---------+---------+----------+-----------+-----------+------+----------+
        |- Shift_Accum_Loop  |      768|      768|         6|          -|          -|   128|        no|
        +--------------------+---------+---------+----------+-----------+-----------+------+----------+



================================================================
== Utilization Estimates
================================================================
* Summary: 
+-----------------+---------+-----+--------+-------+-----+
|       Name      | BRAM_18K| DSP |   FF   |  LUT  | URAM|
+-----------------+---------+-----+--------+-------+-----+
|DSP              |        -|    1|       -|      -|    -|
|Expression       |        -|    -|       0|     40|    -|
|FIFO             |        -|    -|       -|      -|    -|
|Instance         |        -|    -|       -|      -|    -|
|Memory           |        1|    -|       5|     10|    0|
|Multiplexer      |        -|    -|       -|    121|    -|
|Register         |        -|    -|      73|      -|    -|
+-----------------+---------+-----+--------+-------+-----+
|Total            |        1|    1|      78|    171|    0|
+-----------------+---------+-----+--------+-------+-----+
|Available        |      280|  220|  106400|  53200|    0|
+-----------------+---------+-----+--------+-------+-----+
|Utilization (%)  |       ~0|   ~0|      ~0|     ~0|    0|
+-----------------+---------+-----+--------+-------+-----+

+ Detail: 
    * Instance: 
    N/A

    * DSP: 
    +--------------------------------+-----------------------------+--------------+
    |            Instance            |            Module           |  Expression  |
    +--------------------------------+-----------------------------+--------------+
    |mac_muladd_8s_5s_19s_19_4_1_U1  |mac_muladd_8s_5s_19s_19_4_1  |  i0 * i1 + i2|
    +--------------------------------+-----------------------------+--------------+

    * Memory: 
    +---------------+-------------+---------+---+----+-----+------+-----+------+-------------+
    |     Memory    |    Module   | BRAM_18K| FF| LUT| URAM| Words| Bits| Banks| W*Bits*Banks|
    +---------------+-------------+---------+---+----+-----+------+-----+------+-------------+
    |c_U            |c            |        0|  5|  10|    0|   128|    5|     1|          640|
    |shift_reg_V_U  |shift_reg_V  |        1|  0|   0|    0|   128|    8|     1|         1024|
    +---------------+-------------+---------+---+----+-----+------+-----+------+-------------+
    |Total          |             |        1|  5|  10|    0|   256|   13|     2|         1664|
    +---------------+-------------+---------+---+----+-----+------+-----+------+-------------+

    * FIFO: 
    N/A

    * Expression: 
    +---------------------+----------+----+---+----+------------+------------+
    |    Variable Name    | Operation| DSP| FF| LUT| Bitwidth P0| Bitwidth P1|
    +---------------------+----------+----+---+----+------------+------------+
    |add_ln30_fu_196_p2   |         +|   0|  0|  15|           8|           2|
    |add_ln36_fu_175_p2   |         +|   0|  0|  14|           7|           2|
    |icmp_ln32_fu_169_p2  |      icmp|   0|  0|  11|           8|           1|
    +---------------------+----------+----+---+----+------------+------------+
    |Total                |          |   0|  0|  40|          23|           5|
    +---------------------+----------+----+---+----+------------+------------+

    * Multiplexer: 
    +---------------------------------------------+----+-----------+-----+-----------+
    |                     Name                    | LUT| Input Size| Bits| Total Bits|
    +---------------------------------------------+----+-----------+-----+-----------+
    |acc_V_fu_56                                  |   9|          2|   19|         38|
    |ap_NS_fsm                                    |  42|          8|    1|          8|
    |ap_phi_mux_idxprom135_pre_phi_phi_fu_117_p4  |   9|          2|    7|         14|
    |data_V_3_reg_124                             |   9|          2|    8|         16|
    |i_fu_60                                      |   9|          2|    8|         16|
    |idxprom135_pre_phi_reg_113                   |   9|          2|    7|         14|
    |shift_reg_V_address0                         |  20|          4|    7|         28|
    |shift_reg_V_d0                               |  14|          3|    8|         24|
    +---------------------------------------------+----+-----------+-----+-----------+
    |Total                                        | 121|         25|   65|        158|
    +---------------------------------------------+----+-----------+-----+-----------+

    * Register: 
    +----------------------------+----+----+-----+-----------+
    |            Name            | FF | LUT| Bits| Const Bits|
    +----------------------------+----+----+-----+-----------+
    |acc_V_fu_56                 |  19|   0|   19|          0|
    |ap_CS_fsm                   |   7|   0|    7|          0|
    |data_V_3_reg_124            |   8|   0|    8|          0|
    |data_V_reg_241              |   8|   0|    8|          0|
    |i_fu_60                     |   8|   0|    8|          0|
    |icmp_ln32_reg_263           |   1|   0|    1|          0|
    |idxprom135_pre_phi_reg_113  |   7|   0|    7|          0|
    |trunc_ln30_reg_255          |   7|   0|    7|          0|
    |zext_ln30_reg_250           |   8|   0|   64|         56|
    +----------------------------+----+----+-----+-----------+
    |Total                       |  73|   0|  129|         56|
    +----------------------------+----+----+-----+-----------+



================================================================
== Interface
================================================================
* Summary: 
+----------+-----+-----+------------+--------------+--------------+
| RTL Ports| Dir | Bits|  Protocol  | Source Object|    C Type    |
+----------+-----+-----+------------+--------------+--------------+
|ap_clk    |   in|    1|  ap_ctrl_hs|           fir|  return value|
|ap_rst    |   in|    1|  ap_ctrl_hs|           fir|  return value|
|ap_start  |   in|    1|  ap_ctrl_hs|           fir|  return value|
|ap_done   |  out|    1|  ap_ctrl_hs|           fir|  return value|
|ap_idle   |  out|    1|  ap_ctrl_hs|           fir|  return value|
|ap_ready  |  out|    1|  ap_ctrl_hs|           fir|  return value|
|y         |  out|   32|      ap_vld|             y|       pointer|
|y_ap_vld  |  out|    1|      ap_vld|             y|       pointer|
|x         |   in|   32|     ap_none|             x|        scalar|
+----------+-----+-----+------------+--------------+--------------+

